0 info it worked if it ends with ok
1 verbose cli [ '/usr/local/Cellar/node/7.3.0/bin/node',
1 verbose cli   '/usr/local/bin/npm',
1 verbose cli   'run',
1 verbose cli   'online' ]
2 info using npm@3.10.10
3 info using node@v7.3.0
4 verbose run-script [ 'preonline', 'online', 'postonline' ]
5 info lifecycle frontend-nanodegree-mobile-portfolio@1.0.0~preonline: frontend-nanodegree-mobile-portfolio@1.0.0
6 silly lifecycle frontend-nanodegree-mobile-portfolio@1.0.0~preonline: no script for preonline, continuing
7 info lifecycle frontend-nanodegree-mobile-portfolio@1.0.0~online: frontend-nanodegree-mobile-portfolio@1.0.0
8 verbose lifecycle frontend-nanodegree-mobile-portfolio@1.0.0~online: unsafe-perm in lifecycle true
9 verbose lifecycle frontend-nanodegree-mobile-portfolio@1.0.0~online: PATH: /usr/local/lib/node_modules/npm/bin/node-gyp-bin:/Users/nando.sangenetto/Sites/udacity/frontend-nanodegree-mobile-portfolio/node_modules/.bin:/usr/local/Cellar/node/7.3.0/bin:/usr/local/sbin:/usr/local/bin:/usr/bin:/bin:/usr/sbin:/sbin:/Users/nando.sangenetto/.composer/vendor/bin
10 verbose lifecycle frontend-nanodegree-mobile-portfolio@1.0.0~online: CWD: /Users/nando.sangenetto/Sites/udacity/frontend-nanodegree-mobile-portfolio
11 silly lifecycle frontend-nanodegree-mobile-portfolio@1.0.0~online: Args: [ '-c', './node_modules/gulp/bin/gulp.js online --silent' ]
12 silly lifecycle frontend-nanodegree-mobile-portfolio@1.0.0~online: Returned: code: 1  signal: null
13 info lifecycle frontend-nanodegree-mobile-portfolio@1.0.0~online: Failed to exec online script
14 verbose stack Error: frontend-nanodegree-mobile-portfolio@1.0.0 online: `./node_modules/gulp/bin/gulp.js online --silent`
14 verbose stack Exit status 1
14 verbose stack     at EventEmitter.<anonymous> (/usr/local/lib/node_modules/npm/lib/utils/lifecycle.js:255:16)
14 verbose stack     at emitTwo (events.js:106:13)
14 verbose stack     at EventEmitter.emit (events.js:191:7)
14 verbose stack     at ChildProcess.<anonymous> (/usr/local/lib/node_modules/npm/lib/utils/spawn.js:40:14)
14 verbose stack     at emitTwo (events.js:106:13)
14 verbose stack     at ChildProcess.emit (events.js:191:7)
14 verbose stack     at maybeClose (internal/child_process.js:885:16)
14 verbose stack     at Process.ChildProcess._handle.onexit (internal/child_process.js:226:5)
15 verbose pkgid frontend-nanodegree-mobile-portfolio@1.0.0
16 verbose cwd /Users/nando.sangenetto/Sites/udacity/frontend-nanodegree-mobile-portfolio
17 error Darwin 16.4.0
18 error argv "/usr/local/Cellar/node/7.3.0/bin/node" "/usr/local/bin/npm" "run" "online"
19 error node v7.3.0
20 error npm  v3.10.10
21 error code ELIFECYCLE
22 error frontend-nanodegree-mobile-portfolio@1.0.0 online: `./node_modules/gulp/bin/gulp.js online --silent`
22 error Exit status 1
23 error Failed at the frontend-nanodegree-mobile-portfolio@1.0.0 online script './node_modules/gulp/bin/gulp.js online --silent'.
23 error Make sure you have the latest version of node.js and npm installed.
23 error If you do, this is most likely a problem with the frontend-nanodegree-mobile-portfolio package,
23 error not with npm itself.
23 error Tell the author that this fails on your system:
23 error     ./node_modules/gulp/bin/gulp.js online --silent
23 error You can get information on how to open an issue for this project with:
23 error     npm bugs frontend-nanodegree-mobile-portfolio
23 error Or if that isn't available, you can get their info via:
23 error     npm owner ls frontend-nanodegree-mobile-portfolio
23 error There is likely additional logging output above.
24 verbose exit [ 1, true ]
